<?xml version="1.0" encoding="UTF-8"?>
<!-- Generated by org.testng.reporters.JUnitReportReporter -->
<testsuite skipped="0" hostname="DESKTOP-IFNGNHD" name="com.actime.tests.VerifyVersionTest" tests="1" failures="0" timestamp="03 Dec 2018 09:53:53 GMT" time="29.042" errors="0">
  <testcase name="testVerifyversion" time="29.042" classname="com.actime.tests.VerifyVersionTest"/>
</testsuite> <!-- com.actime.tests.VerifyVersionTest -->
