<?xml version="1.0" encoding="UTF-8"?>
<!-- Generated by org.testng.reporters.JUnitReportReporter -->
<testsuite skipped="0" hostname="DESKTOP-IFNGNHD" name="com.actime.tests.VerifyBuildNoTest" tests="1" failures="0" timestamp="03 Dec 2018 09:53:53 GMT" time="29.688" errors="0">
  <testcase name="TestBuildNo" time="29.688" classname="com.actime.tests.VerifyBuildNoTest"/>
</testsuite> <!-- com.actime.tests.VerifyBuildNoTest -->
