<?xml version="1.0" encoding="UTF-8"?>
<!-- Generated by org.testng.reporters.JUnitReportReporter -->
<testsuite skipped="1" hostname="DESKTOP-IFNGNHD" name="com.actime.tests.VerifyBuildNoTest" tests="1" failures="0" timestamp="01 Dec 2018 08:03:20 GMT" time="0.000" errors="0">
  <testcase name="TestBuildNo" time="0.000" classname="com.actime.tests.VerifyBuildNoTest">
    <skipped/>
  </testcase> <!-- TestBuildNo -->
</testsuite> <!-- com.actime.tests.VerifyBuildNoTest -->
