<?xml version="1.0" encoding="UTF-8"?>
<!-- Generated by org.testng.reporters.JUnitReportReporter -->
<testsuite skipped="0" hostname="DESKTOP-IFNGNHD" name="com.actime.tests.ValidLoginLogOutTest" tests="1" failures="0" timestamp="03 Dec 2018 09:53:53 GMT" time="74.851" errors="0">
  <testcase name="testValidLoginLogout" time="74.851" classname="com.actime.tests.ValidLoginLogOutTest"/>
</testsuite> <!-- com.actime.tests.ValidLoginLogOutTest -->
